#######  Log open at 22-06-06  10:30:36 Eastern Daylight Time -0400 #######
22-06-06 10:30:36:017	C:\BUILDAGENTS\AGENT-SEABB-IS-13900.2\_work\256\s\DpManager\DpManagerSysInstall.cpp,831,[INFO]:	Starting SystemInstallImp::InitInstallation()...
22-06-06 10:30:36:018	C:\BUILDAGENTS\AGENT-SEABB-IS-13900.2\_work\256\s\DpManager\DpManagerSysInstall.cpp,689,[INFO]:	Installation type 3, m_ctrl = '', rootPath = C:\Users\grazianige\AppData\Local\Temp\tmp8E66.tmp\CRB15000_5_95, systemPath = 'C:\Users\grazianige\AppData\Local\Temp\tmp8E66.tmp\CRB15000_5_95/Systems/CRB15000_5_95'.
22-06-06 10:30:36:018	C:\BUILDAGENTS\AGENT-SEABB-IS-13900.2\_work\267\s\ControllerProperties\ControllerProperties.cpp,160,[WARN]:	Previous controller properties file is not present or cannot be loaded.
22-06-06 10:30:36:018	C:\BUILDAGENTS\AGENT-SEABB-IS-13900.2\_work\256\s\LicenseManager\LicenseManager.cpp,1051,[INFO]:	Validate file 'virtual.abb.robotics.robotcontrol.rlf'
22-06-06 10:30:36:027	C:\BUILDAGENTS\AGENT-SEABB-IS-13900.2\_work\256\s\LicenseManager\LicenseManager.cpp,1247,[INFO]:	File 'virtual.abb.robotics.robotcontrol.rlf' is valid.
22-06-06 10:30:36:027	C:\BUILDAGENTS\AGENT-SEABB-IS-13900.2\_work\256\s\LicenseManager\LicenseManager.cpp,689,[INFO]:	Adding file 'virtual.abb.robotics.robotcontrol.rlf' to the license repository.
22-06-06 10:30:36:028	C:\BUILDAGENTS\AGENT-SEABB-IS-13900.2\_work\256\s\LicenseManager\LicenseManager.cpp,1051,[INFO]:	Validate file 'virtual.abb.robotics.robotcontrol.rlf'
22-06-06 10:30:36:042	C:\BUILDAGENTS\AGENT-SEABB-IS-13900.2\_work\256\s\LicenseManager\LicenseManager.cpp,1247,[INFO]:	File 'virtual.abb.robotics.robotcontrol.rlf' is valid.
22-06-06 10:30:36:042	C:\BUILDAGENTS\AGENT-SEABB-IS-13900.2\_work\256\s\LicenseManager\LicenseManager.cpp,1268,[INFO]:	Read license file 'virtual.abb.robotics.robotcontrol.rlf'
22-06-06 10:30:36:054	C:\BUILDAGENTS\AGENT-SEABB-IS-13900.2\_work\256\s\LicenseManager\LicenseManager.cpp,1051,[INFO]:	Validate file 'virtual.abb.robotics.robots.rlf'
22-06-06 10:30:36:060	C:\BUILDAGENTS\AGENT-SEABB-IS-13900.2\_work\256\s\LicenseManager\LicenseManager.cpp,1247,[INFO]:	File 'virtual.abb.robotics.robots.rlf' is valid.
22-06-06 10:30:36:061	C:\BUILDAGENTS\AGENT-SEABB-IS-13900.2\_work\256\s\LicenseManager\LicenseManager.cpp,689,[INFO]:	Adding file 'virtual.abb.robotics.robots.rlf' to the license repository.
22-06-06 10:30:36:061	C:\BUILDAGENTS\AGENT-SEABB-IS-13900.2\_work\256\s\DpManager\DpManagerSystemCommon.cpp,950,[INFO]:	Reading content in file path 'C:\Users\grazianige\AppData\Local\Temp\tmp8E66.tmp\CRB15000_5_95/Systems/CRB15000_5_95/controller.rsf'.
22-06-06 10:30:36:068	C:\BUILDAGENTS\AGENT-SEABB-IS-13900.2\_work\256\s\DpManager\DpManagerSysInstall.cpp,1779,[INFO]:	Path = 'C:\Users\grazianige\AppData\Local\Temp\tmp8E66.tmp\CRB15000_5_95/Products/abb.robotics.robotcontrol', manifestfile = 'abb.robotics.robotcontrol_7.3.122.rmf'.
22-06-06 10:30:36:073	C:\BUILDAGENTS\AGENT-SEABB-IS-13900.2\_work\256\s\DpManager\DpManagerSysInstall.cpp,1779,[INFO]:	Path = 'C:\Users\grazianige\AppData\Local\Temp\tmp8E66.tmp\CRB15000_5_95/Products/abb.robotics.robotos', manifestfile = 'abb.robotics.robotos.rmf'.
22-06-06 10:30:36:081	C:\BUILDAGENTS\AGENT-SEABB-IS-13900.2\_work\256\s\DpManager\DpManagerSysInstall.cpp,1779,[INFO]:	Path = 'C:\Users\grazianige\AppData\Local\Temp\tmp8E66.tmp\CRB15000_5_95/Products/abb.robotics.robots', manifestfile = 'abb.robotics.robots.rmf'.
22-06-06 10:30:36:092	C:\BUILDAGENTS\AGENT-SEABB-IS-13900.2\_work\256\s\DpManager\DpManagerSystemCommon.cpp,705,[INFO]:	versionMin Major value: 3
22-06-06 10:30:36:092	C:\BUILDAGENTS\AGENT-SEABB-IS-13900.2\_work\256\s\DpManager\DpManagerSystemCommon.cpp,728,[INFO]:	New dependency: RobotOS, min:3.1.0, max:3.99999999.99999999.
22-06-06 10:30:36:092	C:\BUILDAGENTS\AGENT-SEABB-IS-13900.2\_work\256\s\DpManager\DpManagerSystemCommon.cpp,705,[INFO]:	versionMin Major value: 1
22-06-06 10:30:36:092	C:\BUILDAGENTS\AGENT-SEABB-IS-13900.2\_work\256\s\DpManager\DpManagerSystemCommon.cpp,728,[INFO]:	New dependency: RobotWareInstallationUtilities, min:1.3.0, max:1.99999999.99999999.
22-06-06 10:30:36:109	C:\BUILDAGENTS\AGENT-SEABB-IS-13900.2\_work\256\s\DpManager\DpManagerSystemCommon.cpp,705,[INFO]:	versionMin Major value: 1
22-06-06 10:30:36:109	C:\BUILDAGENTS\AGENT-SEABB-IS-13900.2\_work\256\s\DpManager\DpManagerSystemCommon.cpp,728,[INFO]:	New dependency: RobotWareInstallationUtilities, min:1.3.0, max:1.99999999.99999999.
22-06-06 10:30:36:119	C:\BUILDAGENTS\AGENT-SEABB-IS-13900.2\_work\256\s\DpManager\DpManagerSystemCommon.cpp,705,[INFO]:	versionMin Major value: 7
22-06-06 10:30:36:119	C:\BUILDAGENTS\AGENT-SEABB-IS-13900.2\_work\256\s\DpManager\DpManagerSystemCommon.cpp,728,[INFO]:	New dependency: RobotControl, min:7.1.0-225.Internal, max:7.99999999.99999999.
22-06-06 10:30:36:125	C:\BUILDAGENTS\AGENT-SEABB-IS-13900.2\_work\256\s\LicenseManager\LicenseManager.cpp,1051,[INFO]:	Validate file 'virtual.abb.robotics.robotcontrol.rlf'
22-06-06 10:30:36:131	C:\BUILDAGENTS\AGENT-SEABB-IS-13900.2\_work\256\s\LicenseManager\LicenseManager.cpp,1247,[INFO]:	File 'virtual.abb.robotics.robotcontrol.rlf' is valid.
22-06-06 10:30:36:131	C:\BUILDAGENTS\AGENT-SEABB-IS-13900.2\_work\256\s\LicenseManager\LicenseManager.cpp,1268,[INFO]:	Read license file 'virtual.abb.robotics.robotcontrol.rlf'
22-06-06 10:30:36:136	C:\BUILDAGENTS\AGENT-SEABB-IS-13900.2\_work\256\s\LicenseManager\LicenseManager.cpp,1051,[INFO]:	Validate file 'virtual.abb.robotics.robots.rlf'
22-06-06 10:30:36:144	C:\BUILDAGENTS\AGENT-SEABB-IS-13900.2\_work\256\s\LicenseManager\LicenseManager.cpp,1247,[INFO]:	File 'virtual.abb.robotics.robots.rlf' is valid.
22-06-06 10:30:36:144	C:\BUILDAGENTS\AGENT-SEABB-IS-13900.2\_work\256\s\LicenseManager\LicenseManager.cpp,1268,[INFO]:	Read license file 'virtual.abb.robotics.robots.rlf'
22-06-06 10:30:36:154	C:\BUILDAGENTS\AGENT-SEABB-IS-13900.2\_work\256\s\DpManager\DpManagerRWI.cpp,609,[INFO]:	Current RWI versionName: '1.3.0'
22-06-06 10:30:36:154	C:\BUILDAGENTS\AGENT-SEABB-IS-13900.2\_work\256\s\DpManager\DpManagerRWI.cpp,620,[INFO]:	Current RWI version detail '1.3.0+59'
22-06-06 10:30:36:154	C:\BUILDAGENTS\AGENT-SEABB-IS-13900.2\_work\256\s\DpManager\DpManagerSystemCommon.cpp,519,[INFO]:	Product 'RobotControl' has dependency to RWI, versionMin: 1.3.0 and versionMax: 1.99999999.99999999, which is supported by current RWI version: '1.3.0+59'.
22-06-06 10:30:36:159	C:\BUILDAGENTS\AGENT-SEABB-IS-13900.2\_work\256\s\DpManager\DpManagerRWI.cpp,609,[INFO]:	Current RWI versionName: '1.3.0'
22-06-06 10:30:36:159	C:\BUILDAGENTS\AGENT-SEABB-IS-13900.2\_work\256\s\DpManager\DpManagerRWI.cpp,620,[INFO]:	Current RWI version detail '1.3.0+59'
22-06-06 10:30:36:159	C:\BUILDAGENTS\AGENT-SEABB-IS-13900.2\_work\256\s\DpManager\DpManagerSystemCommon.cpp,519,[INFO]:	Product 'RobotOS' has dependency to RWI, versionMin: 1.3.0 and versionMax: 1.99999999.99999999, which is supported by current RWI version: '1.3.0+59'.
22-06-06 10:30:36:159	C:\BUILDAGENTS\AGENT-SEABB-IS-13900.2\_work\256\s\DpManager\DpManagerUtility.cpp,551,[INFO]:	Validate manifest 'C:\Users\grazianige\AppData\Local\Temp\tmp8E66.tmp\CRB15000_5_95/Products/abb.robotics.robotcontrol/abb.robotics.robotcontrol_7.3.122.rmf'
22-06-06 10:30:36:165	C:\BUILDAGENTS\AGENT-SEABB-IS-13900.2\_work\256\s\DpManager\DpManagerUtility.cpp,614,[INFO]:	Validate all .rpk files.
22-06-06 10:30:36:311	C:\BUILDAGENTS\AGENT-SEABB-IS-13900.2\_work\256\s\DpManager\DpManagerUtility.cpp,551,[INFO]:	Validate manifest 'C:\Users\grazianige\AppData\Local\Temp\tmp8E66.tmp\CRB15000_5_95/Products/abb.robotics.robotos/abb.robotics.robotos.rmf'
22-06-06 10:30:36:313	C:\BUILDAGENTS\AGENT-SEABB-IS-13900.2\_work\256\s\DpManager\DpManagerUtility.cpp,614,[INFO]:	Validate all .rpk files.
22-06-06 10:30:36:339	C:\BUILDAGENTS\AGENT-SEABB-IS-13900.2\_work\256\s\DpManager\DpManagerUtility.cpp,551,[INFO]:	Validate manifest 'C:\Users\grazianige\AppData\Local\Temp\tmp8E66.tmp\CRB15000_5_95/Products/abb.robotics.robots/abb.robotics.robots.rmf'
22-06-06 10:30:36:343	C:\BUILDAGENTS\AGENT-SEABB-IS-13900.2\_work\256\s\DpManager\DpManagerUtility.cpp,614,[INFO]:	Validate all .rpk files.
22-06-06 10:30:36:403	C:\BUILDAGENTS\AGENT-SEABB-IS-13900.2\_work\256\s\DpManager\DpManagerSystemCommon.cpp,162,[INFO]:	Starting resolve dependencies. Current platform is 'vc', nr of products is 3.
22-06-06 10:30:36:403	C:\BUILDAGENTS\AGENT-SEABB-IS-13900.2\_work\256\s\DpManager\DpManagerSystemCommon.cpp,210,[INFO]:	Added RobotOS, version '3.1.0+0'. Number of products left is 2.
22-06-06 10:30:36:403	C:\BUILDAGENTS\AGENT-SEABB-IS-13900.2\_work\256\s\DpManager\DpManagerSystemCommon.cpp,250,[INFO]:	Dependency check to RobotOS.
22-06-06 10:30:36:403	C:\BUILDAGENTS\AGENT-SEABB-IS-13900.2\_work\256\s\DpManager\DpManagerSystemCommon.cpp,324,[INFO]:	Add product RobotControl. Nr of products left is 1.
22-06-06 10:30:36:403	C:\BUILDAGENTS\AGENT-SEABB-IS-13900.2\_work\256\s\DpManager\DpManagerSystemCommon.cpp,335,[INFO]:	Add all products that have only one dependency and it is RobotControl.
22-06-06 10:30:36:403	C:\BUILDAGENTS\AGENT-SEABB-IS-13900.2\_work\256\s\DpManager\DpManagerSystemCommon.cpp,352,[INFO]:	Only dependency on RobotControl. Add product 'Robots' to the sorted List.
22-06-06 10:30:36:403	C:\BUILDAGENTS\AGENT-SEABB-IS-13900.2\_work\256\s\DpManager\DpManagerSystemCommon.cpp,365,[INFO]:	No more products left to check dependency.
22-06-06 10:30:36:403	C:\BUILDAGENTS\AGENT-SEABB-IS-13900.2\_work\256\s\DpManager\DpManagerSystemCommon.cpp,472,[INFO]:	Done resolving dependencies, status = 0.
22-06-06 10:30:36:403	C:\BUILDAGENTS\AGENT-SEABB-IS-13900.2\_work\256\s\DpManager\DpManagerSysInstall.cpp,1060,[INFO]:	Product root dir path 'C:/Users/grazianige/AppData/Local/ABB/RobotWare'.
22-06-06 10:30:36:403	C:\BUILDAGENTS\AGENT-SEABB-IS-13900.2\_work\256\s\DpManager\DpManagerSysInstall.cpp,1081,[INFO]:	Install product 'RobotOS' to 'C:/Users/grazianige/AppData/Local/ABB/RobotWare/RobotOS_3.1.0'.
22-06-06 10:30:36:403	C:\BUILDAGENTS\AGENT-SEABB-IS-13900.2\_work\256\s\DpManager\DpManagerSysInstall.cpp,1081,[INFO]:	Install product 'RobotControl' to 'C:/Users/grazianige/AppData/Local/ABB/RobotWare/RobotControl_7.3.1'.
22-06-06 10:30:36:403	C:\BUILDAGENTS\AGENT-SEABB-IS-13900.2\_work\256\s\DpManager\DpManagerSysInstall.cpp,1081,[INFO]:	Install product 'Robots' to 'C:/Users/grazianige/AppData/Local/ABB/RobotWare/Robots_1.3.1'.
22-06-06 10:30:36:407	C:\BUILDAGENTS\AGENT-SEABB-IS-13900.2\_work\256\s\DpManager\DpManagerSysInstall.cpp,1903,[INFO]:	Write return message to file 'C:/Users/grazianige/Documents/GitHub/universo/Universo_Gofa/universo/Virtual Controllers/CRB15000_5_95/internal/inbox/message'.
22-06-06 10:30:36:408	C:\BUILDAGENTS\AGENT-SEABB-IS-13900.2\_work\256\s\DpManager\DpManagerSystemCommon.cpp,1587,[INFO]:	S27 OS image path from boot info: C:/Users/grazianige/AppData/Local/ABB/RobotWare/RobotOS_3.1.0/S27.01/bin/s27.01.dll.
22-06-06 10:30:36:408	C:\BUILDAGENTS\AGENT-SEABB-IS-13900.2\_work\256\s\DpManager\DpManagerSysInstall.cpp,1325,[INFO]:	Installation has been finished, status = 0.
22-06-06 10:30:36:408	C:\BUILDAGENTS\AGENT-SEABB-IS-13900.2\_work\256\s\DpManager\DpManagerSysInstall.cpp,1326,[INFO]:	Clean up the temporary files.
22-06-06 10:30:36:423	C:\BUILDAGENTS\AGENT-SEABB-IS-13900.2\_work\256\s\VCInstaller\VCInstaller.cpp,575,[INFO]:	No HW settings file used.
