C:\BUILDAGENTS\AGENT-SEABB-IS-13900.2\_work\255\s\DpUpdates\DpUpdates.cpp, 57	2022-06-06 10:30:37: Starting new log ***********************. 
C:\BUILDAGENTS\AGENT-SEABB-IS-13900.2\_work\255\s\DpUpdates\DpUpdates.cpp, 58	[INFO] Finalize the installation. 
C:\BUILDAGENTS\AGENT-SEABB-IS-13900.2\_work\255\s\DpUpdates\DpUpdates_i.cpp, 1003	Recreate 'C:/Users/grazianige/Documents/GitHub/universo/Universo_Gofa/universo/Virtual Controllers/CRB15000_5_95/internal/temp/INSTALL'
C:\BUILDAGENTS\AGENT-SEABB-IS-13900.2\_work\255\s\DpUpdates\DpUpdates_i.cpp, 1017	[INFO] InstallSystem starts. 
C:\BUILDAGENTS\AGENT-SEABB-IS-13900.2\_work\255\s\DpUpdates\DpUpdates_i.cpp, 1021	[INFO] Create system structures. 
C:\BUILDAGENTS\AGENT-SEABB-IS-13900.2\_work\255\s\DpUpdates\DpUpdates_i.cpp, 1298	[INFO] Building system structure in 'C:/Users/grazianige/Documents/GitHub/universo/Universo_Gofa/universo/Virtual Controllers/CRB15000_5_95/internal'.
C:\BUILDAGENTS\AGENT-SEABB-IS-13900.2\_work\255\s\DpUpdates\DpUpdates_i.cpp, 1314	[INFO] Building folders under 'C:/Users/grazianige/Documents/GitHub/universo/Universo_Gofa/universo/Virtual Controllers/CRB15000_5_95'.
C:\BUILDAGENTS\AGENT-SEABB-IS-13900.2\_work\255\s\DpUpdates\DpUpdates_i.cpp, 1342	GetProdsAndFeaturesFromCtrlrsfFile(), file path = 'C:/Users/grazianige/Documents/GitHub/universo/Universo_Gofa/universo/Virtual Controllers/CRB15000_5_95/internal/controller.rsf'. 
C:\BUILDAGENTS\AGENT-SEABB-IS-13900.2\_work\255\s\DpUpdates\DpUpdates_i.cpp, 1386	GetProdsAndFeaturesFromCtrlrsfFile(), got 3 products. 
C:\BUILDAGENTS\AGENT-SEABB-IS-13900.2\_work\255\s\DpUpdates\DpUpdates_i.cpp, 1452	GetProdsAndFeaturesFromCtrlrsfFile(), got 10 features for product 'RobotControl'. 
C:\BUILDAGENTS\AGENT-SEABB-IS-13900.2\_work\255\s\DpUpdates\DpUpdates_i.cpp, 1452	GetProdsAndFeaturesFromCtrlrsfFile(), got 1 features for product 'RobotOS'. 
C:\BUILDAGENTS\AGENT-SEABB-IS-13900.2\_work\255\s\DpUpdates\DpUpdates_i.cpp, 1452	GetProdsAndFeaturesFromCtrlrsfFile(), got 1 features for product 'Robots'. 
C:\BUILDAGENTS\AGENT-SEABB-IS-13900.2\_work\255\s\DpUpdates\DpUpdates_i.cpp, 1048	[INFO] Get information of product 'RobotControl'.
C:\BUILDAGENTS\AGENT-SEABB-IS-13900.2\_work\255\s\DpUpdates\DpUpdates_i.cpp, 1057	[INFO] Get all features and feature data of product 'RobotControl'.
C:\BUILDAGENTS\AGENT-SEABB-IS-13900.2\_work\255\s\DpUpdates\DpUpdates_i.cpp, 326	[INFO] Number of features for product 'RobotControl' is 12.
C:\BUILDAGENTS\AGENT-SEABB-IS-13900.2\_work\255\s\DpUpdates\DpUpdates_i.cpp, 329	[INFO] Get information for each feature.
C:\BUILDAGENTS\AGENT-SEABB-IS-13900.2\_work\255\s\DpUpdates\DpUpdates_i.cpp, 370	[INFO] No KeyValue found for feature 'abb.robotics.robotcontrol.options.safemove.smpnp' in file C:/Users/grazianige/AppData/Local/ABB/RobotWare/RobotControl_7.3.1/abb.robotics.robotcontrol_7.3.122.rmf.
C:\BUILDAGENTS\AGENT-SEABB-IS-13900.2\_work\255\s\DpUpdates\DpUpdates_i.cpp, 370	[INFO] No KeyValue found for feature 'abb.robotics.robotcontrol.options.nocat0stop' in file C:/Users/grazianige/AppData/Local/ABB/RobotWare/RobotControl_7.3.1/abb.robotics.robotcontrol_7.3.122.rmf.
C:\BUILDAGENTS\AGENT-SEABB-IS-13900.2\_work\255\s\DpUpdates\DpUpdates_i.cpp, 1048	[INFO] Get information of product 'RobotOS'.
C:\BUILDAGENTS\AGENT-SEABB-IS-13900.2\_work\255\s\DpUpdates\DpUpdates_i.cpp, 1057	[INFO] Get all features and feature data of product 'RobotOS'.
C:\BUILDAGENTS\AGENT-SEABB-IS-13900.2\_work\255\s\DpUpdates\DpUpdates_i.cpp, 326	[INFO] Number of features for product 'RobotOS' is 1.
C:\BUILDAGENTS\AGENT-SEABB-IS-13900.2\_work\255\s\DpUpdates\DpUpdates_i.cpp, 329	[INFO] Get information for each feature.
C:\BUILDAGENTS\AGENT-SEABB-IS-13900.2\_work\255\s\DpUpdates\DpUpdates_i.cpp, 370	[INFO] No KeyValue found for feature 'abb.robotics.robotos' in file C:/Users/grazianige/AppData/Local/ABB/RobotWare/RobotOS_3.1.0/abb.robotics.robotos.rmf.
C:\BUILDAGENTS\AGENT-SEABB-IS-13900.2\_work\255\s\DpUpdates\DpUpdates_i.cpp, 1048	[INFO] Get information of product 'Robots'.
C:\BUILDAGENTS\AGENT-SEABB-IS-13900.2\_work\255\s\DpUpdates\DpUpdates_i.cpp, 1057	[INFO] Get all features and feature data of product 'Robots'.
C:\BUILDAGENTS\AGENT-SEABB-IS-13900.2\_work\255\s\DpUpdates\DpUpdates_i.cpp, 326	[INFO] Number of features for product 'Robots' is 2.
C:\BUILDAGENTS\AGENT-SEABB-IS-13900.2\_work\255\s\DpUpdates\DpUpdates_i.cpp, 329	[INFO] Get information for each feature.
C:\BUILDAGENTS\AGENT-SEABB-IS-13900.2\_work\255\s\DpUpdates\DpUpdates_i.cpp, 1664	[INFO] Product path 'C:/Users/grazianige/AppData/Local/ABB/RobotWare/RobotControl_7.3.1'.
C:\BUILDAGENTS\AGENT-SEABB-IS-13900.2\_work\255\s\DpUpdates\DpUpdates_i.cpp, 1689	[INFO] Product path 'C:/Users/grazianige/AppData/Local/ABB/RobotWare/RobotOS_3.1.0'.
C:\BUILDAGENTS\AGENT-SEABB-IS-13900.2\_work\255\s\DpUpdates\DpUpdates_i.cpp, 1689	[INFO] Product path 'C:/Users/grazianige/AppData/Local/ABB/RobotWare/Robots_1.3.1'.
C:\BUILDAGENTS\AGENT-SEABB-IS-13900.2\_work\255\s\DpUpdates\DpUpdates_i.cpp, 1711	[WARNING] Failed to get serial number or empty serial number. 
C:\BUILDAGENTS\AGENT-SEABB-IS-13900.2\_work\255\s\DpUpdates\DpUpdates_i.cpp, 1769	[INFO] Generating key.id, writing header.
C:\BUILDAGENTS\AGENT-SEABB-IS-13900.2\_work\255\s\DpUpdates\DpUpdates_i.cpp, 1995	[INFO] Generate file 'C:/Users/grazianige/Documents/GitHub/universo/Universo_Gofa/universo/Virtual Controllers/CRB15000_5_95/internal/system.xml'.
C:\BUILDAGENTS\AGENT-SEABB-IS-13900.2\_work\255\s\DpUpdates\DpUpdates_i.cpp, 2024	[WARNING] Unable to get serial number or empty serial number. 
C:\BUILDAGENTS\AGENT-SEABB-IS-13900.2\_work\255\s\DpUpdates\DpUpdates_i.cpp, 1121	All actions done, status = 0. 
C:\BUILDAGENTS\AGENT-SEABB-IS-13900.2\_work\255\s\DpUpdates\DpUpdates_i.cpp, 2274	[INFO] Installation is complete. 
C:\BUILDAGENTS\AGENT-SEABB-IS-13900.2\_work\255\s\DpUpdates\DpUpdates_i.cpp, 849	[INFO] Update prodinfo.xml. 
C:\BUILDAGENTS\AGENT-SEABB-IS-13900.2\_work\255\s\DpUpdates\DpUpdates_i.cpp, 878	[INFO] Need to update prodinfo.xml. 
C:\BUILDAGENTS\AGENT-SEABB-IS-13900.2\_work\255\s\DpUpdates\DpUpdates_i.cpp, 919	[INFO] File C:/Users/grazianige/Documents/GitHub/universo/Universo_Gofa/universo/Virtual Controllers/CRB15000_5_95/internal/prodinfo.xml has been updated. 
C:\BUILDAGENTS\AGENT-SEABB-IS-13900.2\_work\255\s\DpUpdates\DpUpdates_i.cpp, 954	[INFO] Failed to get RWI version. 
C:\BUILDAGENTS\AGENT-SEABB-IS-13900.2\_work\255\s\DpUpdates\DpUpdates_i.cpp, 969	[INFO] File C:/Users/grazianige/Documents/GitHub/universo/Universo_Gofa/universo/Virtual Controllers/CRB15000_5_95/internal/prodinfo.xml has been created, status = 0. 
C:\BUILDAGENTS\AGENT-SEABB-IS-13900.2\_work\255\s\DpUpdates\DpUpdates_i.cpp, 1342	GetProdsAndFeaturesFromCtrlrsfFile(), file path = 'C:/Users/grazianige/Documents/GitHub/universo/Universo_Gofa/universo/Virtual Controllers/CRB15000_5_95/internal/controller.rsf'. 
C:\BUILDAGENTS\AGENT-SEABB-IS-13900.2\_work\255\s\DpUpdates\DpUpdates_i.cpp, 1386	GetProdsAndFeaturesFromCtrlrsfFile(), got 3 products. 
C:\BUILDAGENTS\AGENT-SEABB-IS-13900.2\_work\255\s\DpUpdates\DpUpdates_i.cpp, 1452	GetProdsAndFeaturesFromCtrlrsfFile(), got 10 features for product 'RobotControl'. 
C:\BUILDAGENTS\AGENT-SEABB-IS-13900.2\_work\255\s\DpUpdates\DpUpdates_i.cpp, 1452	GetProdsAndFeaturesFromCtrlrsfFile(), got 1 features for product 'RobotOS'. 
C:\BUILDAGENTS\AGENT-SEABB-IS-13900.2\_work\255\s\DpUpdates\DpUpdates_i.cpp, 1452	GetProdsAndFeaturesFromCtrlrsfFile(), got 1 features for product 'Robots'. 
C:\BUILDAGENTS\AGENT-SEABB-IS-13900.2\_work\255\s\DpUpdates\DpUpdates_i.cpp, 1879	[INFO] ResetAddInData status =0.
C:\BUILDAGENTS\AGENT-SEABB-IS-13900.2\_work\255\s\DpUpdates\DpUpdates_i.cpp, 849	[INFO] Update prodinfo.xml. 
C:\BUILDAGENTS\AGENT-SEABB-IS-13900.2\_work\255\s\DpUpdates\DpUpdates_i.cpp, 969	[INFO] File C:/Users/grazianige/Documents/GitHub/universo/Universo_Gofa/universo/Virtual Controllers/CRB15000_5_95/internal/prodinfo.xml has been created, status = 0. 
C:\BUILDAGENTS\AGENT-SEABB-IS-13900.2\_work\255\s\DpUpdates\DpUpdates_i.cpp, 1342	GetProdsAndFeaturesFromCtrlrsfFile(), file path = 'C:/Users/grazianige/Documents/GitHub/universo/Universo_Gofa/universo/Virtual Controllers/CRB15000_5_95/internal/controller.rsf'. 
C:\BUILDAGENTS\AGENT-SEABB-IS-13900.2\_work\255\s\DpUpdates\DpUpdates_i.cpp, 1386	GetProdsAndFeaturesFromCtrlrsfFile(), got 3 products. 
C:\BUILDAGENTS\AGENT-SEABB-IS-13900.2\_work\255\s\DpUpdates\DpUpdates_i.cpp, 1452	GetProdsAndFeaturesFromCtrlrsfFile(), got 10 features for product 'RobotControl'. 
C:\BUILDAGENTS\AGENT-SEABB-IS-13900.2\_work\255\s\DpUpdates\DpUpdates_i.cpp, 1452	GetProdsAndFeaturesFromCtrlrsfFile(), got 1 features for product 'RobotOS'. 
C:\BUILDAGENTS\AGENT-SEABB-IS-13900.2\_work\255\s\DpUpdates\DpUpdates_i.cpp, 1452	GetProdsAndFeaturesFromCtrlrsfFile(), got 1 features for product 'Robots'. 
C:\BUILDAGENTS\AGENT-SEABB-IS-13900.2\_work\255\s\DpUpdates\DpUpdates_i.cpp, 849	[INFO] Update prodinfo.xml. 
C:\BUILDAGENTS\AGENT-SEABB-IS-13900.2\_work\255\s\DpUpdates\DpUpdates_i.cpp, 969	[INFO] File C:/Users/grazianige/Documents/GitHub/universo/Universo_Gofa/universo/Virtual Controllers/CRB15000_5_95/internal/prodinfo.xml has been created, status = 0. 
C:\BUILDAGENTS\AGENT-SEABB-IS-13900.2\_work\255\s\DpUpdates\DpUpdates_i.cpp, 1342	GetProdsAndFeaturesFromCtrlrsfFile(), file path = 'C:/Users/grazianige/Documents/GitHub/universo/Universo_Gofa/universo/Virtual Controllers/CRB15000_5_95/internal/controller.rsf'. 
C:\BUILDAGENTS\AGENT-SEABB-IS-13900.2\_work\255\s\DpUpdates\DpUpdates_i.cpp, 1386	GetProdsAndFeaturesFromCtrlrsfFile(), got 3 products. 
C:\BUILDAGENTS\AGENT-SEABB-IS-13900.2\_work\255\s\DpUpdates\DpUpdates_i.cpp, 1452	GetProdsAndFeaturesFromCtrlrsfFile(), got 10 features for product 'RobotControl'. 
C:\BUILDAGENTS\AGENT-SEABB-IS-13900.2\_work\255\s\DpUpdates\DpUpdates_i.cpp, 1452	GetProdsAndFeaturesFromCtrlrsfFile(), got 1 features for product 'RobotOS'. 
C:\BUILDAGENTS\AGENT-SEABB-IS-13900.2\_work\255\s\DpUpdates\DpUpdates_i.cpp, 1452	GetProdsAndFeaturesFromCtrlrsfFile(), got 1 features for product 'Robots'. 
